#
# A fatal error has been detected by the Java Runtime Environment:
#
#  EXCEPTION_ACCESS_VIOLATION (0xc0000005) at pc=0x00007fff694a389d, pid=137336, tid=135488
#
# JRE version: OpenJDK Runtime Environment (11.0+28) (build 11+28)
# Java VM: OpenJDK 64-Bit Server VM (11+28, mixed mode, tiered, compressed oops, g1 gc, windows-amd64)
# Problematic frame:
# C  [glfw.dll+0x389d]
#
# No core dump will be written. Minidumps are not enabled by default on client versions of Windows
#
# If you would like to submit a bug report, please visit:
#   http://bugreport.java.com/bugreport/crash.jsp
# The crash happened outside the Java Virtual Machine in native code.
# See problematic frame for where to report the bug.
#

---------------  S U M M A R Y ------------

Command Line: -Djava.library.path=C:\Users\anhef\IdeaProjects\flyko-lib\build\classes\kotlin\jvm\test;C:\Users\anhef\IdeaProjects\flyko-lib\build\processedResources\jvm\test;C:\Users\anhef\IdeaProjects\flyko-lib\build\classes\kotlin\jvm\main;C:\Users\anhef\IdeaProjects\flyko-lib\build\processedResources\jvm\main -javaagent:C:\Program Files\JetBrains\IntelliJ IDEA Community Edition 2020.2\lib\idea_rt.jar=59043:C:\Program Files\JetBrains\IntelliJ IDEA Community Edition 2020.2\bin -Dfile.encoding=UTF-8 examples.LayerControlTestKt

Host: AMD Ryzen 5 3550H with Radeon Vega Mobile Gfx  , 8 cores, 14G,  Windows 10 , 64 bit Build 22621 (10.0.22621.1105)
Time: Sat Jan 28 12:29:38 2023 Mitteleuropäische Zeit elapsed time: 3 seconds (0d 0h 0m 3s)

---------------  T H R E A D  ---------------

Current thread (0x00000250705f1800):  JavaThread "main" [_thread_in_native, id=135488, stack(0x000000df79b00000,0x000000df79c00000)]

Stack: [0x000000df79b00000,0x000000df79c00000],  sp=0x000000df79bfecf0,  free space=1019k
Native frames: (J=compiled Java code, j=interpreted, Vv=VM code, C=native code)
C  [glfw.dll+0x389d]

Java frames: (J=compiled Java code, j=interpreted, Vv=VM code)
j  org.lwjgl.system.JNI.invokePI(JIJ)I+0
j  org.lwjgl.glfw.GLFW.glfwGetKey(JI)I+18
j  com.inari.firefly.DesktopApp$addExitKeyTrigger$1$2.invoke()Ljava/lang/Boolean;+5
j  com.inari.firefly.DesktopApp$addExitKeyTrigger$1$2.invoke()Ljava/lang/Object;+1
j  com.inari.firefly.core.Trigger.doTrigger()V+4
j  com.inari.firefly.core.UpdateEventTrigger$updateEventListener$1.invoke()V+4
j  com.inari.firefly.core.UpdateEventTrigger$updateEventListener$1.invoke()Ljava/lang/Object;+1
j  com.inari.firefly.core.Engine$UpdateEvent.notify(Ljava/lang/Object;)V+11
J 1059 c1 com.inari.util.event.EventDispatcher.notify(Lcom/inari/util/event/Event;)V (81 bytes) @ 0x0000025000788e4c [0x0000025000788600+0x000000000000084c]
j  com.inari.firefly.core.Engine$Companion.notify(Lcom/inari/util/event/Event;)V+10
j  com.inari.firefly.core.Engine.update()V+18
j  com.inari.firefly.DesktopApp.render()V+3
j  com.badlogic.gdx.backends.lwjgl3.Lwjgl3Window.update()Z+187
j  com.badlogic.gdx.backends.lwjgl3.Lwjgl3Application.loop()V+90
j  com.badlogic.gdx.backends.lwjgl3.Lwjgl3Application.<init>(Lcom/badlogic/gdx/ApplicationListener;Lcom/badlogic/gdx/backends/lwjgl3/Lwjgl3ApplicationConfiguration;)V+246
j  com.inari.firefly.DesktopApp.<init>(Ljava/lang/String;IIZZLjava/lang/String;ZLkotlin/jvm/functions/Function1;)V+116
j  com.inari.firefly.DesktopApp.<init>(Ljava/lang/String;IIZZLjava/lang/String;ZLkotlin/jvm/functions/Function1;ILkotlin/jvm/internal/DefaultConstructorMarker;)V+80
j  examples.LayerControlTestKt.main()V+25
j  examples.LayerControlTestKt.main([Ljava/lang/String;)V+0
v  ~StubRoutines::call_stub

siginfo: EXCEPTION_ACCESS_VIOLATION (0xc0000005), reading address 0x00000000000000bf


Register to memory mapping:

RIP=0x00007fff694a389d glfw.dll
RAX=0x000000000000003e is an unknown value
RBX={method} {0x0000025015b9e808} 'invokePI' '(JIJ)I' in 'org/lwjgl/system/JNI'
RCX=0x0000000000000001 is an unknown value
RDX=0x000000000000003e is an unknown value
RSP=0x000000df79bfecf0 is pointing into the stack for thread: 0x00000250705f1800
RBP=0x000000df79bfedb0 is pointing into the stack for thread: 0x00000250705f1800
RSI=0x0000000000000140 is an unknown value
RDI=0x000000000000049e is an unknown value
R8 =0x0000000000000001 is an unknown value
R9 =0x000000000000003e is an unknown value
R10=0x000002500000f088 is at code_begin+1000 in an Interpreter codelet
method entry point (kind = native)  [0x000002500000eca0, 0x000002500000f800]  2912 bytes
R11=0x000000071f4e12f8 is an oop
java.lang.Class 
{0x000000071f4e12f8} - klass: 'java/lang/Class'
R12=0x0 is NULL
R13={method} {0x0000025015b9e808} 'invokePI' '(JIJ)I' in 'org/lwjgl/system/JNI'
R14=0x000000df79bfedf0 is pointing into the stack for thread: 0x00000250705f1800
R15=0x00000250705f1800 is a thread


Registers:
RAX=0x000000000000003e, RBX=0x0000025015b9e800, RCX=0x0000000000000001, RDX=0x000000000000003e
RSP=0x000000df79bfecf0, RBP=0x000000df79bfedb0, RSI=0x0000000000000140, RDI=0x000000000000049e
R8 =0x0000000000000001, R9 =0x000000000000003e, R10=0x000002500000f088, R11=0x000000071f4e12f8
R12=0x0000000000000000, R13=0x0000025015b9e800, R14=0x000000df79bfedf0, R15=0x00000250705f1800
RIP=0x00007fff694a389d, EFLAGS=0x0000000000010287

Top of Stack: (sp=0x000000df79bfecf0)
0x000000df79bfecf0:   0000025015b9e800 0000025015b9e800
0x000000df79bfed00:   00000250705f1800 00007fff1eaa84dd
0x000000df79bfed10:   000000df79bff9c0 000002500000f0b7
0x000000df79bfed20:   000002501f80a690 00007fff1ed12eff
0x000000df79bfed30:   000000000000049e 000002500000edb2
0x000000df79bfed40:   00007fff694a3870 0000025015b9e800
0x000000df79bfed50:   0000000000000140 00007fff1ed0c6e4
0x000000df79bfed60:   000002500000ed56 000000df79bfed68
0x000000df79bfed70:   0000025015b9e800 000000df79bfedf0
0x000000df79bfed80:   0000025015bd2798 0000000000000000
0x000000df79bfed90:   000000071f4e12f8 0000025015b9e800
0x000000df79bfeda0:   0000000000000000 000000df79bfedd0
0x000000df79bfedb0:   000000df79bfee40 0000025000009880
0x000000df79bfedc0:   000000071f4e12f8 000002500000bff6
0x000000df79bfedd0:   00007fff694a3870 0000000000000000
0x000000df79bfede0:   000000000000003e 0000000000000001 

Instructions: (pc=0x00007fff694a389d)
0x00007fff694a387d:   33 d2 b9 01 00 01 00 e8 d7 e3 ff ff 33 c0 48 83
0x00007fff694a388d:   c4 28 c3 8d 42 e0 3d 3c 01 00 00 77 2f 48 63 c2
0x00007fff694a389d:   80 bc 01 80 00 00 00 03 75 12 c6 84 01 80 00 00
0x00007fff694a38ad:   00 00 b8 01 00 00 00 48 83 c4 28 c3 0f ae e8 0f 



---------------  P R O C E S S  ---------------

Threads class SMR info:
_java_thread_list=0x000002501c06ea80, length=11, elements={
0x00000250705f1800, 0x00000250135ec800, 0x000002501361b800, 0x0000025013efe800,
0x0000025013eff800, 0x0000025013f00800, 0x0000025013f04800, 0x0000025013f06800,
0x0000025014076800, 0x0000025014469000, 0x0000025014475000
}

Java Threads: ( => current thread )
=>0x00000250705f1800 JavaThread "main" [_thread_in_native, id=135488, stack(0x000000df79b00000,0x000000df79c00000)]
  0x00000250135ec800 JavaThread "Reference Handler" daemon [_thread_blocked, id=137976, stack(0x000000df7a200000,0x000000df7a300000)]
  0x000002501361b800 JavaThread "Finalizer" daemon [_thread_blocked, id=136468, stack(0x000000df7a300000,0x000000df7a400000)]
  0x0000025013efe800 JavaThread "Signal Dispatcher" daemon [_thread_blocked, id=4540, stack(0x000000df7a400000,0x000000df7a500000)]
  0x0000025013eff800 JavaThread "Attach Listener" daemon [_thread_blocked, id=67800, stack(0x000000df7a500000,0x000000df7a600000)]
  0x0000025013f00800 JavaThread "C2 CompilerThread0" daemon [_thread_blocked, id=139176, stack(0x000000df7a600000,0x000000df7a700000)]
  0x0000025013f04800 JavaThread "C1 CompilerThread0" daemon [_thread_blocked, id=132108, stack(0x000000df7a700000,0x000000df7a800000)]
  0x0000025013f06800 JavaThread "Sweeper thread" daemon [_thread_blocked, id=131936, stack(0x000000df7a800000,0x000000df7a900000)]
  0x0000025014076800 JavaThread "Common-Cleaner" daemon [_thread_blocked, id=116684, stack(0x000000df7a900000,0x000000df7aa00000)]
  0x0000025014469000 JavaThread "Monitor Ctrl-Break" daemon [_thread_in_native, id=137220, stack(0x000000df7ab00000,0x000000df7ac00000)]
  0x0000025014475000 JavaThread "Service Thread" daemon [_thread_blocked, id=105812, stack(0x000000df7ac00000,0x000000df7ad00000)]

Other Threads:
  0x00000250135e9800 VMThread "VM Thread" [stack: 0x000000df7a100000,0x000000df7a200000] [id=136360]
  0x0000025014476000 WatcherThread [stack: 0x000000df7ad00000,0x000000df7ae00000] [id=138408]
  0x000002507060a800 GCTaskThread "GC Thread#0" [stack: 0x000000df79c00000,0x000000df79d00000] [id=74108]
  0x000002501c01b000 GCTaskThread "GC Thread#1" [stack: 0x000000df7b500000,0x000000df7b600000] [id=129916]
  0x000002501c012000 GCTaskThread "GC Thread#2" [stack: 0x000000df7b600000,0x000000df7b700000] [id=138396]
  0x000002501c007000 GCTaskThread "GC Thread#3" [stack: 0x000000df7b700000,0x000000df7b800000] [id=135092]
  0x000002501c007800 GCTaskThread "GC Thread#4" [stack: 0x000000df7b800000,0x000000df7b900000] [id=121884]
  0x0000025070662000 ConcurrentGCThread "G1 Main Marker" [stack: 0x000000df79d00000,0x000000df79e00000] [id=102168]
  0x0000025070664800 ConcurrentGCThread "G1 Conc#0" [stack: 0x000000df79e00000,0x000000df79f00000] [id=138924]
  0x00000250134ce800 ConcurrentGCThread "G1 Refine#0" [stack: 0x000000df79f00000,0x000000df7a000000] [id=135584]
  0x00000250134d1800 ConcurrentGCThread "G1 Young RemSet Sampling" [stack: 0x000000df7a000000,0x000000df7a100000] [id=86524]

Threads with active compile tasks:

VM state:not at safepoint (normal execution)

VM Mutex/Monitor currently owned by a thread: None

Heap address: 0x0000000711e00000, size: 3810 MB, Compressed Oops mode: Zero based, Oop shift amount: 3
Narrow klass base: 0x0000000800000000, Narrow klass shift: 0
Compressed class space size: 1073741824 Address: 0x0000000800000000

Heap:
 garbage-first heap   total 245760K, used 33002K [0x0000000711e00000, 0x0000000800000000)
  region size 1024K, 32 young (32768K), 3 survivors (3072K)
 Metaspace       used 18695K, capacity 18945K, committed 19072K, reserved 1067008K
  class space    used 1511K, capacity 1594K, committed 1664K, reserved 1048576K
Heap Regions: E=young(eden), S=young(survivor), O=old, HS=humongous(starts), HC=humongous(continues), CS=collection set, F=free, A=archive, TAMS=top-at-mark-start (previous, next)
|   0|0x0000000711e00000, 0x0000000711e3aa00, 0x0000000711f00000| 22%| O|  |TAMS 0x0000000711e00000, 0x0000000711e00000| Untracked 
|   1|0x0000000711f00000, 0x0000000712000000, 0x0000000712000000|100%|HS|  |TAMS 0x0000000711f00000, 0x0000000711f00000| Complete 
|   2|0x0000000712000000, 0x0000000712000000, 0x0000000712100000|  0%| F|  |TAMS 0x0000000712000000, 0x0000000712000000| Untracked 
|   3|0x0000000712100000, 0x0000000712100000, 0x0000000712200000|  0%| F|  |TAMS 0x0000000712100000, 0x0000000712100000| Untracked 
|   4|0x0000000712200000, 0x0000000712200000, 0x0000000712300000|  0%| F|  |TAMS 0x0000000712200000, 0x0000000712200000| Untracked 
|   5|0x0000000712300000, 0x0000000712300000, 0x0000000712400000|  0%| F|  |TAMS 0x0000000712300000, 0x0000000712300000| Untracked 
|   6|0x0000000712400000, 0x0000000712400000, 0x0000000712500000|  0%| F|  |TAMS 0x0000000712400000, 0x0000000712400000| Untracked 
|   7|0x0000000712500000, 0x0000000712500000, 0x0000000712600000|  0%| F|  |TAMS 0x0000000712500000, 0x0000000712500000| Untracked 
|   8|0x0000000712600000, 0x0000000712600000, 0x0000000712700000|  0%| F|  |TAMS 0x0000000712600000, 0x0000000712600000| Untracked 
|   9|0x0000000712700000, 0x0000000712700000, 0x0000000712800000|  0%| F|  |TAMS 0x0000000712700000, 0x0000000712700000| Untracked 
|  10|0x0000000712800000, 0x0000000712800000, 0x0000000712900000|  0%| F|  |TAMS 0x0000000712800000, 0x0000000712800000| Untracked 
|  11|0x0000000712900000, 0x0000000712900000, 0x0000000712a00000|  0%| F|  |TAMS 0x0000000712900000, 0x0000000712900000| Untracked 
|  12|0x0000000712a00000, 0x0000000712a00000, 0x0000000712b00000|  0%| F|  |TAMS 0x0000000712a00000, 0x0000000712a00000| Untracked 
|  13|0x0000000712b00000, 0x0000000712b00000, 0x0000000712c00000|  0%| F|  |TAMS 0x0000000712b00000, 0x0000000712b00000| Untracked 
|  14|0x0000000712c00000, 0x0000000712c00000, 0x0000000712d00000|  0%| F|  |TAMS 0x0000000712c00000, 0x0000000712c00000| Untracked 
|  15|0x0000000712d00000, 0x0000000712d00000, 0x0000000712e00000|  0%| F|  |TAMS 0x0000000712d00000, 0x0000000712d00000| Untracked 
|  16|0x0000000712e00000, 0x0000000712e00000, 0x0000000712f00000|  0%| F|  |TAMS 0x0000000712e00000, 0x0000000712e00000| Untracked 
|  17|0x0000000712f00000, 0x0000000712f00000, 0x0000000713000000|  0%| F|  |TAMS 0x0000000712f00000, 0x0000000712f00000| Untracked 
|  18|0x0000000713000000, 0x0000000713000000, 0x0000000713100000|  0%| F|  |TAMS 0x0000000713000000, 0x0000000713000000| Untracked 
|  19|0x0000000713100000, 0x0000000713100000, 0x0000000713200000|  0%| F|  |TAMS 0x0000000713100000, 0x0000000713100000| Untracked 
|  20|0x0000000713200000, 0x0000000713200000, 0x0000000713300000|  0%| F|  |TAMS 0x0000000713200000, 0x0000000713200000| Untracked 
|  21|0x0000000713300000, 0x0000000713300000, 0x0000000713400000|  0%| F|  |TAMS 0x0000000713300000, 0x0000000713300000| Untracked 
|  22|0x0000000713400000, 0x0000000713400000, 0x0000000713500000|  0%| F|  |TAMS 0x0000000713400000, 0x0000000713400000| Untracked 
|  23|0x0000000713500000, 0x0000000713500000, 0x0000000713600000|  0%| F|  |TAMS 0x0000000713500000, 0x0000000713500000| Untracked 
|  24|0x0000000713600000, 0x0000000713600000, 0x0000000713700000|  0%| F|  |TAMS 0x0000000713600000, 0x0000000713600000| Untracked 
|  25|0x0000000713700000, 0x0000000713700000, 0x0000000713800000|  0%| F|  |TAMS 0x0000000713700000, 0x0000000713700000| Untracked 
|  26|0x0000000713800000, 0x0000000713800000, 0x0000000713900000|  0%| F|  |TAMS 0x0000000713800000, 0x0000000713800000| Untracked 
|  27|0x0000000713900000, 0x0000000713900000, 0x0000000713a00000|  0%| F|  |TAMS 0x0000000713900000, 0x0000000713900000| Untracked 
|  28|0x0000000713a00000, 0x0000000713a00000, 0x0000000713b00000|  0%| F|  |TAMS 0x0000000713a00000, 0x0000000713a00000| Untracked 
|  29|0x0000000713b00000, 0x0000000713b00000, 0x0000000713c00000|  0%| F|  |TAMS 0x0000000713b00000, 0x0000000713b00000| Untracked 
|  30|0x0000000713c00000, 0x0000000713c00000, 0x0000000713d00000|  0%| F|  |TAMS 0x0000000713c00000, 0x0000000713c00000| Untracked 
|  31|0x0000000713d00000, 0x0000000713d00000, 0x0000000713e00000|  0%| F|  |TAMS 0x0000000713d00000, 0x0000000713d00000| Untracked 
|  32|0x0000000713e00000, 0x0000000713e00000, 0x0000000713f00000|  0%| F|  |TAMS 0x0000000713e00000, 0x0000000713e00000| Untracked 
|  33|0x0000000713f00000, 0x0000000713f00000, 0x0000000714000000|  0%| F|  |TAMS 0x0000000713f00000, 0x0000000713f00000| Untracked 
|  34|0x0000000714000000, 0x0000000714000000, 0x0000000714100000|  0%| F|  |TAMS 0x0000000714000000, 0x0000000714000000| Untracked 
|  35|0x0000000714100000, 0x0000000714100000, 0x0000000714200000|  0%| F|  |TAMS 0x0000000714100000, 0x0000000714100000| Untracked 
|  36|0x0000000714200000, 0x0000000714200000, 0x0000000714300000|  0%| F|  |TAMS 0x0000000714200000, 0x0000000714200000| Untracked 
|  37|0x0000000714300000, 0x0000000714300000, 0x0000000714400000|  0%| F|  |TAMS 0x0000000714300000, 0x0000000714300000| Untracked 
|  38|0x0000000714400000, 0x0000000714400000, 0x0000000714500000|  0%| F|  |TAMS 0x0000000714400000, 0x0000000714400000| Untracked 
|  39|0x0000000714500000, 0x0000000714500000, 0x0000000714600000|  0%| F|  |TAMS 0x0000000714500000, 0x0000000714500000| Untracked 
|  40|0x0000000714600000, 0x0000000714600000, 0x0000000714700000|  0%| F|  |TAMS 0x0000000714600000, 0x0000000714600000| Untracked 
|  41|0x0000000714700000, 0x0000000714700000, 0x0000000714800000|  0%| F|  |TAMS 0x0000000714700000, 0x0000000714700000| Untracked 
|  42|0x0000000714800000, 0x0000000714800000, 0x0000000714900000|  0%| F|  |TAMS 0x0000000714800000, 0x0000000714800000| Untracked 
|  43|0x0000000714900000, 0x0000000714900000, 0x0000000714a00000|  0%| F|  |TAMS 0x0000000714900000, 0x0000000714900000| Untracked 
|  44|0x0000000714a00000, 0x0000000714a00000, 0x0000000714b00000|  0%| F|  |TAMS 0x0000000714a00000, 0x0000000714a00000| Untracked 
|  45|0x0000000714b00000, 0x0000000714b00000, 0x0000000714c00000|  0%| F|  |TAMS 0x0000000714b00000, 0x0000000714b00000| Untracked 
|  46|0x0000000714c00000, 0x0000000714c00000, 0x0000000714d00000|  0%| F|  |TAMS 0x0000000714c00000, 0x0000000714c00000| Untracked 
|  47|0x0000000714d00000, 0x0000000714d00000, 0x0000000714e00000|  0%| F|  |TAMS 0x0000000714d00000, 0x0000000714d00000| Untracked 
|  48|0x0000000714e00000, 0x0000000714e00000, 0x0000000714f00000|  0%| F|  |TAMS 0x0000000714e00000, 0x0000000714e00000| Untracked 
|  49|0x0000000714f00000, 0x0000000714f00000, 0x0000000715000000|  0%| F|  |TAMS 0x0000000714f00000, 0x0000000714f00000| Untracked 
|  50|0x0000000715000000, 0x0000000715000000, 0x0000000715100000|  0%| F|  |TAMS 0x0000000715000000, 0x0000000715000000| Untracked 
|  51|0x0000000715100000, 0x0000000715100000, 0x0000000715200000|  0%| F|  |TAMS 0x0000000715100000, 0x0000000715100000| Untracked 
|  52|0x0000000715200000, 0x0000000715200000, 0x0000000715300000|  0%| F|  |TAMS 0x0000000715200000, 0x0000000715200000| Untracked 
|  53|0x0000000715300000, 0x0000000715300000, 0x0000000715400000|  0%| F|  |TAMS 0x0000000715300000, 0x0000000715300000| Untracked 
|  54|0x0000000715400000, 0x0000000715400000, 0x0000000715500000|  0%| F|  |TAMS 0x0000000715400000, 0x0000000715400000| Untracked 
|  55|0x0000000715500000, 0x0000000715500000, 0x0000000715600000|  0%| F|  |TAMS 0x0000000715500000, 0x0000000715500000| Untracked 
|  56|0x0000000715600000, 0x0000000715600000, 0x0000000715700000|  0%| F|  |TAMS 0x0000000715600000, 0x0000000715600000| Untracked 
|  57|0x0000000715700000, 0x0000000715700000, 0x0000000715800000|  0%| F|  |TAMS 0x0000000715700000, 0x0000000715700000| Untracked 
|  58|0x0000000715800000, 0x0000000715800000, 0x0000000715900000|  0%| F|  |TAMS 0x0000000715800000, 0x0000000715800000| Untracked 
|  59|0x0000000715900000, 0x0000000715900000, 0x0000000715a00000|  0%| F|  |TAMS 0x0000000715900000, 0x0000000715900000| Untracked 
|  60|0x0000000715a00000, 0x0000000715a00000, 0x0000000715b00000|  0%| F|  |TAMS 0x0000000715a00000, 0x0000000715a00000| Untracked 
|  61|0x0000000715b00000, 0x0000000715b00000, 0x0000000715c00000|  0%| F|  |TAMS 0x0000000715b00000, 0x0000000715b00000| Untracked 
|  62|0x0000000715c00000, 0x0000000715c00000, 0x0000000715d00000|  0%| F|  |TAMS 0x0000000715c00000, 0x0000000715c00000| Untracked 
|  63|0x0000000715d00000, 0x0000000715d00000, 0x0000000715e00000|  0%| F|  |TAMS 0x0000000715d00000, 0x0000000715d00000| Untracked 
|  64|0x0000000715e00000, 0x0000000715e00000, 0x0000000715f00000|  0%| F|  |TAMS 0x0000000715e00000, 0x0000000715e00000| Untracked 
|  65|0x0000000715f00000, 0x0000000715f00000, 0x0000000716000000|  0%| F|  |TAMS 0x0000000715f00000, 0x0000000715f00000| Untracked 
|  66|0x0000000716000000, 0x0000000716000000, 0x0000000716100000|  0%| F|  |TAMS 0x0000000716000000, 0x0000000716000000| Untracked 
|  67|0x0000000716100000, 0x0000000716100000, 0x0000000716200000|  0%| F|  |TAMS 0x0000000716100000, 0x0000000716100000| Untracked 
|  68|0x0000000716200000, 0x0000000716200000, 0x0000000716300000|  0%| F|  |TAMS 0x0000000716200000, 0x0000000716200000| Untracked 
|  69|0x0000000716300000, 0x0000000716300000, 0x0000000716400000|  0%| F|  |TAMS 0x0000000716300000, 0x0000000716300000| Untracked 
|  70|0x0000000716400000, 0x0000000716400000, 0x0000000716500000|  0%| F|  |TAMS 0x0000000716400000, 0x0000000716400000| Untracked 
|  71|0x0000000716500000, 0x0000000716500000, 0x0000000716600000|  0%| F|  |TAMS 0x0000000716500000, 0x0000000716500000| Untracked 
|  72|0x0000000716600000, 0x0000000716600000, 0x0000000716700000|  0%| F|  |TAMS 0x0000000716600000, 0x0000000716600000| Untracked 
|  73|0x0000000716700000, 0x0000000716700000, 0x0000000716800000|  0%| F|  |TAMS 0x0000000716700000, 0x0000000716700000| Untracked 
|  74|0x0000000716800000, 0x0000000716800000, 0x0000000716900000|  0%| F|  |TAMS 0x0000000716800000, 0x0000000716800000| Untracked 
|  75|0x0000000716900000, 0x0000000716900000, 0x0000000716a00000|  0%| F|  |TAMS 0x0000000716900000, 0x0000000716900000| Untracked 
|  76|0x0000000716a00000, 0x0000000716a00000, 0x0000000716b00000|  0%| F|  |TAMS 0x0000000716a00000, 0x0000000716a00000| Untracked 
|  77|0x0000000716b00000, 0x0000000716b00000, 0x0000000716c00000|  0%| F|  |TAMS 0x0000000716b00000, 0x0000000716b00000| Untracked 
|  78|0x0000000716c00000, 0x0000000716c00000, 0x0000000716d00000|  0%| F|  |TAMS 0x0000000716c00000, 0x0000000716c00000| Untracked 
|  79|0x0000000716d00000, 0x0000000716d00000, 0x0000000716e00000|  0%| F|  |TAMS 0x0000000716d00000, 0x0000000716d00000| Untracked 
|  80|0x0000000716e00000, 0x0000000716e00000, 0x0000000716f00000|  0%| F|  |TAMS 0x0000000716e00000, 0x0000000716e00000| Untracked 
|  81|0x0000000716f00000, 0x0000000716f00000, 0x0000000717000000|  0%| F|  |TAMS 0x0000000716f00000, 0x0000000716f00000| Untracked 
|  82|0x0000000717000000, 0x0000000717000000, 0x0000000717100000|  0%| F|  |TAMS 0x0000000717000000, 0x0000000717000000| Untracked 
|  83|0x0000000717100000, 0x0000000717100000, 0x0000000717200000|  0%| F|  |TAMS 0x0000000717100000, 0x0000000717100000| Untracked 
|  84|0x0000000717200000, 0x0000000717200000, 0x0000000717300000|  0%| F|  |TAMS 0x0000000717200000, 0x0000000717200000| Untracked 
|  85|0x0000000717300000, 0x0000000717300000, 0x0000000717400000|  0%| F|  |TAMS 0x0000000717300000, 0x0000000717300000| Untracked 
|  86|0x0000000717400000, 0x0000000717400000, 0x0000000717500000|  0%| F|  |TAMS 0x0000000717400000, 0x0000000717400000| Untracked 
|  87|0x0000000717500000, 0x0000000717500000, 0x0000000717600000|  0%| F|  |TAMS 0x0000000717500000, 0x0000000717500000| Untracked 
|  88|0x0000000717600000, 0x0000000717600000, 0x0000000717700000|  0%| F|  |TAMS 0x0000000717600000, 0x0000000717600000| Untracked 
|  89|0x0000000717700000, 0x0000000717700000, 0x0000000717800000|  0%| F|  |TAMS 0x0000000717700000, 0x0000000717700000| Untracked 
|  90|0x0000000717800000, 0x0000000717800000, 0x0000000717900000|  0%| F|  |TAMS 0x0000000717800000, 0x0000000717800000| Untracked 
|  91|0x0000000717900000, 0x0000000717900000, 0x0000000717a00000|  0%| F|  |TAMS 0x0000000717900000, 0x0000000717900000| Untracked 
|  92|0x0000000717a00000, 0x0000000717a00000, 0x0000000717b00000|  0%| F|  |TAMS 0x0000000717a00000, 0x0000000717a00000| Untracked 
|  93|0x0000000717b00000, 0x0000000717b00000, 0x0000000717c00000|  0%| F|  |TAMS 0x0000000717b00000, 0x0000000717b00000| Untracked 
|  94|0x0000000717c00000, 0x0000000717c00000, 0x0000000717d00000|  0%| F|  |TAMS 0x0000000717c00000, 0x0000000717c00000| Untracked 
|  95|0x0000000717d00000, 0x0000000717d00000, 0x0000000717e00000|  0%| F|  |TAMS 0x0000000717d00000, 0x0000000717d00000| Untracked 
|  96|0x0000000717e00000, 0x0000000717e00000, 0x0000000717f00000|  0%| F|  |TAMS 0x0000000717e00000, 0x0000000717e00000| Untracked 
|  97|0x0000000717f00000, 0x0000000717f00000, 0x0000000718000000|  0%| F|  |TAMS 0x0000000717f00000, 0x0000000717f00000| Untracked 
|  98|0x0000000718000000, 0x0000000718000000, 0x0000000718100000|  0%| F|  |TAMS 0x0000000718000000, 0x0000000718000000| Untracked 
|  99|0x0000000718100000, 0x0000000718100000, 0x0000000718200000|  0%| F|  |TAMS 0x0000000718100000, 0x0000000718100000| Untracked 
| 100|0x0000000718200000, 0x0000000718200000, 0x0000000718300000|  0%| F|  |TAMS 0x0000000718200000, 0x0000000718200000| Untracked 
| 101|0x0000000718300000, 0x0000000718300000, 0x0000000718400000|  0%| F|  |TAMS 0x0000000718300000, 0x0000000718300000| Untracked 
| 102|0x0000000718400000, 0x0000000718400000, 0x0000000718500000|  0%| F|  |TAMS 0x0000000718400000, 0x0000000718400000| Untracked 
| 103|0x0000000718500000, 0x0000000718500000, 0x0000000718600000|  0%| F|  |TAMS 0x0000000718500000, 0x0000000718500000| Untracked 
| 104|0x0000000718600000, 0x0000000718600000, 0x0000000718700000|  0%| F|  |TAMS 0x0000000718600000, 0x0000000718600000| Untracked 
| 105|0x0000000718700000, 0x0000000718700000, 0x0000000718800000|  0%| F|  |TAMS 0x0000000718700000, 0x0000000718700000| Untracked 
| 106|0x0000000718800000, 0x0000000718800000, 0x0000000718900000|  0%| F|  |TAMS 0x0000000718800000, 0x0000000718800000| Untracked 
| 107|0x0000000718900000, 0x0000000718900000, 0x0000000718a00000|  0%| F|  |TAMS 0x0000000718900000, 0x0000000718900000| Untracked 
| 108|0x0000000718a00000, 0x0000000718a00000, 0x0000000718b00000|  0%| F|  |TAMS 0x0000000718a00000, 0x0000000718a00000| Untracked 
| 109|0x0000000718b00000, 0x0000000718b00000, 0x0000000718c00000|  0%| F|  |TAMS 0x0000000718b00000, 0x0000000718b00000| Untracked 
| 110|0x0000000718c00000, 0x0000000718c00000, 0x0000000718d00000|  0%| F|  |TAMS 0x0000000718c00000, 0x0000000718c00000| Untracked 
| 111|0x0000000718d00000, 0x0000000718d00000, 0x0000000718e00000|  0%| F|  |TAMS 0x0000000718d00000, 0x0000000718d00000| Untracked 
| 112|0x0000000718e00000, 0x0000000718e00000, 0x0000000718f00000|  0%| F|  |TAMS 0x0000000718e00000, 0x0000000718e00000| Untracked 
| 113|0x0000000718f00000, 0x0000000718f00000, 0x0000000719000000|  0%| F|  |TAMS 0x0000000718f00000, 0x0000000718f00000| Untracked 
| 114|0x0000000719000000, 0x0000000719000000, 0x0000000719100000|  0%| F|  |TAMS 0x0000000719000000, 0x0000000719000000| Untracked 
| 115|0x0000000719100000, 0x0000000719100000, 0x0000000719200000|  0%| F|  |TAMS 0x0000000719100000, 0x0000000719100000| Untracked 
| 116|0x0000000719200000, 0x0000000719200000, 0x0000000719300000|  0%| F|  |TAMS 0x0000000719200000, 0x0000000719200000| Untracked 
| 117|0x0000000719300000, 0x0000000719300000, 0x0000000719400000|  0%| F|  |TAMS 0x0000000719300000, 0x0000000719300000| Untracked 
| 118|0x0000000719400000, 0x0000000719400000, 0x0000000719500000|  0%| F|  |TAMS 0x0000000719400000, 0x0000000719400000| Untracked 
| 119|0x0000000719500000, 0x0000000719500000, 0x0000000719600000|  0%| F|  |TAMS 0x0000000719500000, 0x0000000719500000| Untracked 
| 120|0x0000000719600000, 0x0000000719600000, 0x0000000719700000|  0%| F|  |TAMS 0x0000000719600000, 0x0000000719600000| Untracked 
| 121|0x0000000719700000, 0x0000000719700000, 0x0000000719800000|  0%| F|  |TAMS 0x0000000719700000, 0x0000000719700000| Untracked 
| 122|0x0000000719800000, 0x0000000719800000, 0x0000000719900000|  0%| F|  |TAMS 0x0000000719800000, 0x0000000719800000| Untracked 
| 123|0x0000000719900000, 0x0000000719900000, 0x0000000719a00000|  0%| F|  |TAMS 0x0000000719900000, 0x0000000719900000| Untracked 
| 124|0x0000000719a00000, 0x0000000719a00000, 0x0000000719b00000|  0%| F|  |TAMS 0x0000000719a00000, 0x0000000719a00000| Untracked 
| 125|0x0000000719b00000, 0x0000000719b00000, 0x0000000719c00000|  0%| F|  |TAMS 0x0000000719b00000, 0x0000000719b00000| Untracked 
| 126|0x0000000719c00000, 0x0000000719c00000, 0x0000000719d00000|  0%| F|  |TAMS 0x0000000719c00000, 0x0000000719c00000| Untracked 
| 127|0x0000000719d00000, 0x0000000719d00000, 0x0000000719e00000|  0%| F|  |TAMS 0x0000000719d00000, 0x0000000719d00000| Untracked 
| 128|0x0000000719e00000, 0x0000000719e00000, 0x0000000719f00000|  0%| F|  |TAMS 0x0000000719e00000, 0x0000000719e00000| Untracked 
| 129|0x0000000719f00000, 0x0000000719f00000, 0x000000071a000000|  0%| F|  |TAMS 0x0000000719f00000, 0x0000000719f00000| Untracked 
| 130|0x000000071a000000, 0x000000071a000000, 0x000000071a100000|  0%| F|  |TAMS 0x000000071a000000, 0x000000071a000000| Untracked 
| 131|0x000000071a100000, 0x000000071a100000, 0x000000071a200000|  0%| F|  |TAMS 0x000000071a100000, 0x000000071a100000| Untracked 
| 132|0x000000071a200000, 0x000000071a200000, 0x000000071a300000|  0%| F|  |TAMS 0x000000071a200000, 0x000000071a200000| Untracked 
| 133|0x000000071a300000, 0x000000071a300000, 0x000000071a400000|  0%| F|  |TAMS 0x000000071a300000, 0x000000071a300000| Untracked 
| 134|0x000000071a400000, 0x000000071a400000, 0x000000071a500000|  0%| F|  |TAMS 0x000000071a400000, 0x000000071a400000| Untracked 
| 135|0x000000071a500000, 0x000000071a500000, 0x000000071a600000|  0%| F|  |TAMS 0x000000071a500000, 0x000000071a500000| Untracked 
| 136|0x000000071a600000, 0x000000071a600000, 0x000000071a700000|  0%| F|  |TAMS 0x000000071a600000, 0x000000071a600000| Untracked 
| 137|0x000000071a700000, 0x000000071a700000, 0x000000071a800000|  0%| F|  |TAMS 0x000000071a700000, 0x000000071a700000| Untracked 
| 138|0x000000071a800000, 0x000000071a800000, 0x000000071a900000|  0%| F|  |TAMS 0x000000071a800000, 0x000000071a800000| Untracked 
| 139|0x000000071a900000, 0x000000071a900000, 0x000000071aa00000|  0%| F|  |TAMS 0x000000071a900000, 0x000000071a900000| Untracked 
| 140|0x000000071aa00000, 0x000000071aa00000, 0x000000071ab00000|  0%| F|  |TAMS 0x000000071aa00000, 0x000000071aa00000| Untracked 
| 141|0x000000071ab00000, 0x000000071ab00000, 0x000000071ac00000|  0%| F|  |TAMS 0x000000071ab00000, 0x000000071ab00000| Untracked 
| 142|0x000000071ac00000, 0x000000071ac00000, 0x000000071ad00000|  0%| F|  |TAMS 0x000000071ac00000, 0x000000071ac00000| Untracked 
| 143|0x000000071ad00000, 0x000000071ad00000, 0x000000071ae00000|  0%| F|  |TAMS 0x000000071ad00000, 0x000000071ad00000| Untracked 
| 144|0x000000071ae00000, 0x000000071ae00000, 0x000000071af00000|  0%| F|  |TAMS 0x000000071ae00000, 0x000000071ae00000| Untracked 
| 145|0x000000071af00000, 0x000000071af00000, 0x000000071b000000|  0%| F|  |TAMS 0x000000071af00000, 0x000000071af00000| Untracked 
| 146|0x000000071b000000, 0x000000071b000000, 0x000000071b100000|  0%| F|  |TAMS 0x000000071b000000, 0x000000071b000000| Untracked 
| 147|0x000000071b100000, 0x000000071b100000, 0x000000071b200000|  0%| F|  |TAMS 0x000000071b100000, 0x000000071b100000| Untracked 
| 148|0x000000071b200000, 0x000000071b200000, 0x000000071b300000|  0%| F|  |TAMS 0x000000071b200000, 0x000000071b200000| Untracked 
| 149|0x000000071b300000, 0x000000071b300000, 0x000000071b400000|  0%| F|  |TAMS 0x000000071b300000, 0x000000071b300000| Untracked 
| 150|0x000000071b400000, 0x000000071b400000, 0x000000071b500000|  0%| F|  |TAMS 0x000000071b400000, 0x000000071b400000| Untracked 
| 151|0x000000071b500000, 0x000000071b500000, 0x000000071b600000|  0%| F|  |TAMS 0x000000071b500000, 0x000000071b500000| Untracked 
| 152|0x000000071b600000, 0x000000071b600000, 0x000000071b700000|  0%| F|  |TAMS 0x000000071b600000, 0x000000071b600000| Untracked 
| 153|0x000000071b700000, 0x000000071b700000, 0x000000071b800000|  0%| F|  |TAMS 0x000000071b700000, 0x000000071b700000| Untracked 
| 154|0x000000071b800000, 0x000000071b800000, 0x000000071b900000|  0%| F|  |TAMS 0x000000071b800000, 0x000000071b800000| Untracked 
| 155|0x000000071b900000, 0x000000071b900000, 0x000000071ba00000|  0%| F|  |TAMS 0x000000071b900000, 0x000000071b900000| Untracked 
| 156|0x000000071ba00000, 0x000000071ba00000, 0x000000071bb00000|  0%| F|  |TAMS 0x000000071ba00000, 0x000000071ba00000| Untracked 
| 157|0x000000071bb00000, 0x000000071bb00000, 0x000000071bc00000|  0%| F|  |TAMS 0x000000071bb00000, 0x000000071bb00000| Untracked 
| 158|0x000000071bc00000, 0x000000071bc00000, 0x000000071bd00000|  0%| F|  |TAMS 0x000000071bc00000, 0x000000071bc00000| Untracked 
| 159|0x000000071bd00000, 0x000000071bd00000, 0x000000071be00000|  0%| F|  |TAMS 0x000000071bd00000, 0x000000071bd00000| Untracked 
| 160|0x000000071be00000, 0x000000071be00000, 0x000000071bf00000|  0%| F|  |TAMS 0x000000071be00000, 0x000000071be00000| Untracked 
| 161|0x000000071bf00000, 0x000000071bf00000, 0x000000071c000000|  0%| F|  |TAMS 0x000000071bf00000, 0x000000071bf00000| Untracked 
| 162|0x000000071c000000, 0x000000071c000000, 0x000000071c100000|  0%| F|  |TAMS 0x000000071c000000, 0x000000071c000000| Untracked 
| 163|0x000000071c100000, 0x000000071c100000, 0x000000071c200000|  0%| F|  |TAMS 0x000000071c100000, 0x000000071c100000| Untracked 
| 164|0x000000071c200000, 0x000000071c200000, 0x000000071c300000|  0%| F|  |TAMS 0x000000071c200000, 0x000000071c200000| Untracked 
| 165|0x000000071c300000, 0x000000071c300000, 0x000000071c400000|  0%| F|  |TAMS 0x000000071c300000, 0x000000071c300000| Untracked 
| 166|0x000000071c400000, 0x000000071c400000, 0x000000071c500000|  0%| F|  |TAMS 0x000000071c400000, 0x000000071c400000| Untracked 
| 167|0x000000071c500000, 0x000000071c500000, 0x000000071c600000|  0%| F|  |TAMS 0x000000071c500000, 0x000000071c500000| Untracked 
| 168|0x000000071c600000, 0x000000071c600000, 0x000000071c700000|  0%| F|  |TAMS 0x000000071c600000, 0x000000071c600000| Untracked 
| 169|0x000000071c700000, 0x000000071c700000, 0x000000071c800000|  0%| F|  |TAMS 0x000000071c700000, 0x000000071c700000| Untracked 
| 170|0x000000071c800000, 0x000000071c800000, 0x000000071c900000|  0%| F|  |TAMS 0x000000071c800000, 0x000000071c800000| Untracked 
| 171|0x000000071c900000, 0x000000071c900000, 0x000000071ca00000|  0%| F|  |TAMS 0x000000071c900000, 0x000000071c900000| Untracked 
| 172|0x000000071ca00000, 0x000000071ca00000, 0x000000071cb00000|  0%| F|  |TAMS 0x000000071ca00000, 0x000000071ca00000| Untracked 
| 173|0x000000071cb00000, 0x000000071cb00000, 0x000000071cc00000|  0%| F|  |TAMS 0x000000071cb00000, 0x000000071cb00000| Untracked 
| 174|0x000000071cc00000, 0x000000071cc00000, 0x000000071cd00000|  0%| F|  |TAMS 0x000000071cc00000, 0x000000071cc00000| Untracked 
| 175|0x000000071cd00000, 0x000000071cd00000, 0x000000071ce00000|  0%| F|  |TAMS 0x000000071cd00000, 0x000000071cd00000| Untracked 
| 176|0x000000071ce00000, 0x000000071ce00000, 0x000000071cf00000|  0%| F|  |TAMS 0x000000071ce00000, 0x000000071ce00000| Untracked 
| 177|0x000000071cf00000, 0x000000071cf00000, 0x000000071d000000|  0%| F|  |TAMS 0x000000071cf00000, 0x000000071cf00000| Untracked 
| 178|0x000000071d000000, 0x000000071d000000, 0x000000071d100000|  0%| F|  |TAMS 0x000000071d000000, 0x000000071d000000| Untracked 
| 179|0x000000071d100000, 0x000000071d100000, 0x000000071d200000|  0%| F|  |TAMS 0x000000071d100000, 0x000000071d100000| Untracked 
| 180|0x000000071d200000, 0x000000071d200000, 0x000000071d300000|  0%| F|  |TAMS 0x000000071d200000, 0x000000071d200000| Untracked 
| 181|0x000000071d300000, 0x000000071d300000, 0x000000071d400000|  0%| F|  |TAMS 0x000000071d300000, 0x000000071d300000| Untracked 
| 182|0x000000071d400000, 0x000000071d400000, 0x000000071d500000|  0%| F|  |TAMS 0x000000071d400000, 0x000000071d400000| Untracked 
| 183|0x000000071d500000, 0x000000071d500000, 0x000000071d600000|  0%| F|  |TAMS 0x000000071d500000, 0x000000071d500000| Untracked 
| 184|0x000000071d600000, 0x000000071d600000, 0x000000071d700000|  0%| F|  |TAMS 0x000000071d600000, 0x000000071d600000| Untracked 
| 185|0x000000071d700000, 0x000000071d700000, 0x000000071d800000|  0%| F|  |TAMS 0x000000071d700000, 0x000000071d700000| Untracked 
| 186|0x000000071d800000, 0x000000071d800000, 0x000000071d900000|  0%| F|  |TAMS 0x000000071d800000, 0x000000071d800000| Untracked 
| 187|0x000000071d900000, 0x000000071d900000, 0x000000071da00000|  0%| F|  |TAMS 0x000000071d900000, 0x000000071d900000| Untracked 
| 188|0x000000071da00000, 0x000000071da00000, 0x000000071db00000|  0%| F|  |TAMS 0x000000071da00000, 0x000000071da00000| Untracked 
| 189|0x000000071db00000, 0x000000071db00000, 0x000000071dc00000|  0%| F|  |TAMS 0x000000071db00000, 0x000000071db00000| Untracked 
| 190|0x000000071dc00000, 0x000000071dc00000, 0x000000071dd00000|  0%| F|  |TAMS 0x000000071dc00000, 0x000000071dc00000| Untracked 
| 191|0x000000071dd00000, 0x000000071dd00000, 0x000000071de00000|  0%| F|  |TAMS 0x000000071dd00000, 0x000000071dd00000| Untracked 
| 192|0x000000071de00000, 0x000000071de00000, 0x000000071df00000|  0%| F|  |TAMS 0x000000071de00000, 0x000000071de00000| Untracked 
| 193|0x000000071df00000, 0x000000071df00000, 0x000000071e000000|  0%| F|  |TAMS 0x000000071df00000, 0x000000071df00000| Untracked 
| 194|0x000000071e000000, 0x000000071e000000, 0x000000071e100000|  0%| F|  |TAMS 0x000000071e000000, 0x000000071e000000| Untracked 
| 195|0x000000071e100000, 0x000000071e100000, 0x000000071e200000|  0%| F|  |TAMS 0x000000071e100000, 0x000000071e100000| Untracked 
| 196|0x000000071e200000, 0x000000071e200000, 0x000000071e300000|  0%| F|  |TAMS 0x000000071e200000, 0x000000071e200000| Untracked 
| 197|0x000000071e300000, 0x000000071e300000, 0x000000071e400000|  0%| F|  |TAMS 0x000000071e300000, 0x000000071e300000| Untracked 
| 198|0x000000071e400000, 0x000000071e400000, 0x000000071e500000|  0%| F|  |TAMS 0x000000071e400000, 0x000000071e400000| Untracked 
| 199|0x000000071e500000, 0x000000071e500000, 0x000000071e600000|  0%| F|  |TAMS 0x000000071e500000, 0x000000071e500000| Untracked 
| 200|0x000000071e600000, 0x000000071e600000, 0x000000071e700000|  0%| F|  |TAMS 0x000000071e600000, 0x000000071e600000| Untracked 
| 201|0x000000071e700000, 0x000000071e700000, 0x000000071e800000|  0%| F|  |TAMS 0x000000071e700000, 0x000000071e700000| Untracked 
| 202|0x000000071e800000, 0x000000071e800000, 0x000000071e900000|  0%| F|  |TAMS 0x000000071e800000, 0x000000071e800000| Untracked 
| 203|0x000000071e900000, 0x000000071e900000, 0x000000071ea00000|  0%| F|  |TAMS 0x000000071e900000, 0x000000071e900000| Untracked 
| 204|0x000000071ea00000, 0x000000071ea00000, 0x000000071eb00000|  0%| F|  |TAMS 0x000000071ea00000, 0x000000071ea00000| Untracked 
| 205|0x000000071eb00000, 0x000000071eb00000, 0x000000071ec00000|  0%| F|  |TAMS 0x000000071eb00000, 0x000000071eb00000| Untracked 
| 206|0x000000071ec00000, 0x000000071ec00000, 0x000000071ed00000|  0%| F|  |TAMS 0x000000071ec00000, 0x000000071ec00000| Untracked 
| 207|0x000000071ed00000, 0x000000071ed00000, 0x000000071ee00000|  0%| F|  |TAMS 0x000000071ed00000, 0x000000071ed00000| Untracked 
| 208|0x000000071ee00000, 0x000000071ef00000, 0x000000071ef00000|100%| E|  |TAMS 0x000000071ee00000, 0x000000071ee00000| Complete 
| 209|0x000000071ef00000, 0x000000071f000000, 0x000000071f000000|100%| E|CS|TAMS 0x000000071ef00000, 0x000000071ef00000| Complete 
| 210|0x000000071f000000, 0x000000071f100000, 0x000000071f100000|100%| E|CS|TAMS 0x000000071f000000, 0x000000071f000000| Complete 
| 211|0x000000071f100000, 0x000000071f200000, 0x000000071f200000|100%| E|CS|TAMS 0x000000071f100000, 0x000000071f100000| Complete 
| 212|0x000000071f200000, 0x000000071f300000, 0x000000071f300000|100%| E|CS|TAMS 0x000000071f200000, 0x000000071f200000| Complete 
| 213|0x000000071f300000, 0x000000071f400000, 0x000000071f400000|100%| S|CS|TAMS 0x000000071f300000, 0x000000071f300000| Complete 
| 214|0x000000071f400000, 0x000000071f500000, 0x000000071f500000|100%| S|CS|TAMS 0x000000071f400000, 0x000000071f400000| Complete 
| 215|0x000000071f500000, 0x000000071f600000, 0x000000071f600000|100%| S|CS|TAMS 0x000000071f500000, 0x000000071f500000| Complete 
| 216|0x000000071f600000, 0x000000071f700000, 0x000000071f700000|100%| E|CS|TAMS 0x000000071f600000, 0x000000071f600000| Complete 
| 217|0x000000071f700000, 0x000000071f800000, 0x000000071f800000|100%| E|CS|TAMS 0x000000071f700000, 0x000000071f700000| Complete 
| 218|0x000000071f800000, 0x000000071f900000, 0x000000071f900000|100%| E|CS|TAMS 0x000000071f800000, 0x000000071f800000| Complete 
| 219|0x000000071f900000, 0x000000071fa00000, 0x000000071fa00000|100%| E|CS|TAMS 0x000000071f900000, 0x000000071f900000| Complete 
| 220|0x000000071fa00000, 0x000000071fb00000, 0x000000071fb00000|100%| E|CS|TAMS 0x000000071fa00000, 0x000000071fa00000| Complete 
| 221|0x000000071fb00000, 0x000000071fc00000, 0x000000071fc00000|100%| E|CS|TAMS 0x000000071fb00000, 0x000000071fb00000| Complete 
| 222|0x000000071fc00000, 0x000000071fd00000, 0x000000071fd00000|100%| E|CS|TAMS 0x000000071fc00000, 0x000000071fc00000| Complete 
| 223|0x000000071fd00000, 0x000000071fe00000, 0x000000071fe00000|100%| E|CS|TAMS 0x000000071fd00000, 0x000000071fd00000| Complete 
| 224|0x000000071fe00000, 0x000000071ff00000, 0x000000071ff00000|100%| E|CS|TAMS 0x000000071fe00000, 0x000000071fe00000| Complete 
| 225|0x000000071ff00000, 0x0000000720000000, 0x0000000720000000|100%| E|CS|TAMS 0x000000071ff00000, 0x000000071ff00000| Complete 
| 226|0x0000000720000000, 0x0000000720100000, 0x0000000720100000|100%| E|CS|TAMS 0x0000000720000000, 0x0000000720000000| Complete 
| 227|0x0000000720100000, 0x0000000720200000, 0x0000000720200000|100%| E|CS|TAMS 0x0000000720100000, 0x0000000720100000| Complete 
| 228|0x0000000720200000, 0x0000000720300000, 0x0000000720300000|100%| E|CS|TAMS 0x0000000720200000, 0x0000000720200000| Complete 
| 229|0x0000000720300000, 0x0000000720400000, 0x0000000720400000|100%| E|CS|TAMS 0x0000000720300000, 0x0000000720300000| Complete 
| 230|0x0000000720400000, 0x0000000720500000, 0x0000000720500000|100%| E|CS|TAMS 0x0000000720400000, 0x0000000720400000| Complete 
| 231|0x0000000720500000, 0x0000000720600000, 0x0000000720600000|100%| E|CS|TAMS 0x0000000720500000, 0x0000000720500000| Complete 
| 232|0x0000000720600000, 0x0000000720700000, 0x0000000720700000|100%| E|CS|TAMS 0x0000000720600000, 0x0000000720600000| Complete 
| 233|0x0000000720700000, 0x0000000720800000, 0x0000000720800000|100%| E|CS|TAMS 0x0000000720700000, 0x0000000720700000| Complete 
| 234|0x0000000720800000, 0x0000000720900000, 0x0000000720900000|100%| E|CS|TAMS 0x0000000720800000, 0x0000000720800000| Complete 
| 235|0x0000000720900000, 0x0000000720a00000, 0x0000000720a00000|100%| E|CS|TAMS 0x0000000720900000, 0x0000000720900000| Complete 
| 236|0x0000000720a00000, 0x0000000720b00000, 0x0000000720b00000|100%| E|CS|TAMS 0x0000000720a00000, 0x0000000720a00000| Complete 
| 237|0x0000000720b00000, 0x0000000720c00000, 0x0000000720c00000|100%| E|CS|TAMS 0x0000000720b00000, 0x0000000720b00000| Complete 
| 238|0x0000000720c00000, 0x0000000720d00000, 0x0000000720d00000|100%| E|CS|TAMS 0x0000000720c00000, 0x0000000720c00000| Complete 
| 239|0x0000000720d00000, 0x0000000720e00000, 0x0000000720e00000|100%| E|CS|TAMS 0x0000000720d00000, 0x0000000720d00000| Complete 

Card table byte_map: [0x00000250793a0000,0x0000025079b20000] _byte_map_base: 0x0000025075b11000

Marking Bits (Prev, Next): (CMBitMap*) 0x0000025070652898, (CMBitMap*) 0x00000250706528d0
 Prev Bits: [0x000002507a2a0000, 0x000002507de28000)
 Next Bits: [0x000002500f000000, 0x0000025012b88000)

Polling page: 0x000002506fd50000

Metaspace:

Usage:
  Non-class:     16.94 MB capacity,    16.78 MB (>99%) used,   146.72 KB ( <1%) free+waste,    20.56 KB ( <1%) overhead. 
      Class:      1.56 MB capacity,     1.48 MB ( 95%) used,    74.91 KB (  5%) free+waste,     7.25 KB ( <1%) overhead. 
       Both:     18.50 MB capacity,    18.26 MB ( 99%) used,   221.63 KB (  1%) free+waste,    27.81 KB ( <1%) overhead. 

Virtual space:
  Non-class space:       18.00 MB reserved,      17.00 MB ( 94%) committed 
      Class space:        1.00 GB reserved,       1.63 MB ( <1%) committed 
             Both:        1.02 GB reserved,      18.63 MB (  2%) committed 

Chunk freelists:
   Non-Class:  7.13 KB
       Class:  768 bytes
        Both:  7.88 KB

CodeHeap 'non-profiled nmethods': size=120000Kb used=451Kb max_used=451Kb free=119548Kb
 bounds [0x0000025007ad0000, 0x0000025007d40000, 0x000002500f000000]
CodeHeap 'profiled nmethods': size=120000Kb used=1973Kb max_used=1973Kb free=118026Kb
 bounds [0x00000250005a0000, 0x0000025000810000, 0x0000025007ad0000]
CodeHeap 'non-nmethods': size=5760Kb used=1521Kb max_used=1542Kb free=4238Kb
 bounds [0x0000025000000000, 0x0000025000270000, 0x00000250005a0000]
 total_blobs=2419 nmethods=1075 adapters=967
 compilation: enabled
              stopped_count=0, restarted_count=0
 full_count=0

Compilation events (10 events):
Event: 3.190 Thread 0x0000025013f04800 1068       3       kotlin.collections.AbstractMutableList::size (5 bytes)
Event: 3.190 Thread 0x0000025013f04800 nmethod 1068 0x000002500078b110 code [0x000002500078b2c0, 0x000002500078b4f0]
Event: 3.190 Thread 0x0000025013f04800 1069       3       java.nio.charset.CoderResult::isOverflow (14 bytes)
Event: 3.191 Thread 0x0000025013f04800 nmethod 1069 0x000002500078b590 code [0x000002500078b740, 0x000002500078b8f8]
Event: 3.193 Thread 0x0000025013f04800 1070       3       java.io.BufferedWriter::min (9 bytes)
Event: 3.194 Thread 0x0000025013f04800 nmethod 1070 0x000002500078b990 code [0x000002500078bb40, 0x000002500078bcf8]
Event: 3.194 Thread 0x0000025013f04800 1072   !   3       java.io.BufferedWriter::write (117 bytes)
Event: 3.194 Thread 0x0000025013f00800 1074       4       com.inari.util.collection.DynArray::get (18 bytes)
Event: 3.195 Thread 0x0000025013f04800 nmethod 1072 0x000002500078bd90 code [0x000002500078bfa0, 0x000002500078c6d0]
Event: 3.195 Thread 0x0000025013f04800 1071       3       java.io.Writer::write (11 bytes)

GC Heap History (2 events):
Event: 1.140 GC heap before
{Heap before GC invocations=0 (full 0):
 garbage-first heap   total 245760K, used 23552K [0x0000000711e00000, 0x0000000800000000)
  region size 1024K, 24 young (24576K), 0 survivors (0K)
 Metaspace       used 12459K, capacity 12737K, committed 12928K, reserved 1060864K
  class space    used 969K, capacity 1038K, committed 1152K, reserved 1048576K
}
Event: 1.144 GC heap after
{Heap after GC invocations=1 (full 0):
 garbage-first heap   total 245760K, used 3306K [0x0000000711e00000, 0x0000000800000000)
  region size 1024K, 3 young (3072K), 3 survivors (3072K)
 Metaspace       used 12459K, capacity 12737K, committed 12928K, reserved 1060864K
  class space    used 969K, capacity 1038K, committed 1152K, reserved 1048576K
}

Deoptimization events (9 events):
Event: 0.328 Thread 0x00000250705f1800 Uncommon trap: reason=unstable_if action=reinterpret pc=0x0000025007ad1c14 method=java.lang.String.isLatin1()Z @ 10 c2
Event: 0.437 Thread 0x00000250705f1800 Uncommon trap: reason=unstable_if action=reinterpret pc=0x0000025007af1ebc method=java.lang.StringLatin1.indexOf([BI[BII)I @ 80 c2
Event: 0.447 Thread 0x00000250705f1800 Uncommon trap: reason=unstable_if action=reinterpret pc=0x0000025007ae3600 method=java.io.WinNTFileSystem.isSlash(C)Z @ 9 c2
Event: 0.448 Thread 0x00000250705f1800 Uncommon trap: reason=class_check action=maybe_recompile pc=0x0000025007afb9e8 method=java.util.HashMap.getNode(ILjava/lang/Object;)Ljava/util/HashMap$Node; @ 59 c2
Event: 0.458 Thread 0x00000250705f1800 Uncommon trap: reason=class_check action=maybe_recompile pc=0x0000025007afb9e8 method=java.util.HashMap.getNode(ILjava/lang/Object;)Ljava/util/HashMap$Node; @ 59 c2
Event: 0.475 Thread 0x00000250705f1800 Uncommon trap: reason=unstable_if action=reinterpret pc=0x0000025007ae5e5c method=sun.nio.fs.WindowsPathParser.isSlash(C)Z @ 9 c2
Event: 0.534 Thread 0x00000250705f1800 Uncommon trap: reason=class_check action=maybe_recompile pc=0x0000025007b06a58 method=java.util.HashMap.getNode(ILjava/lang/Object;)Ljava/util/HashMap$Node; @ 126 c2
Event: 1.029 Thread 0x00000250705f1800 Uncommon trap: reason=unstable_if action=reinterpret pc=0x0000025007b1089c method=sun.net.www.ParseUtil.firstEncodeIndex(Ljava/lang/String;)I @ 51 c2
Event: 1.727 Thread 0x00000250705f1800 Uncommon trap: reason=unstable_if action=reinterpret pc=0x0000025007b1ae1c method=java.util.jar.JarFile.getVersionedEntry(Ljava/lang/String;Ljava/util/jar/JarEntry;)Ljava/util/jar/JarEntry; @ 16 c2

Classes redefined (0 events):
No events

Internal exceptions (10 events):
Event: 1.034 Thread 0x00000250705f1800 Exception <a 'sun/nio/fs/WindowsException'{0x000000071fc63c30}> (0x000000071fc63c30) thrown at [t:/workspace/open/src/hotspot/share/prims/jni.cpp, line 615]
Event: 1.040 Thread 0x00000250705f1800 Exception <a 'sun/nio/fs/WindowsException'{0x000000071fb0e2e8}> (0x000000071fb0e2e8) thrown at [t:/workspace/open/src/hotspot/share/prims/jni.cpp, line 615]
Event: 1.040 Thread 0x00000250705f1800 Exception <a 'sun/nio/fs/WindowsException'{0x000000071fb0e5d0}> (0x000000071fb0e5d0) thrown at [t:/workspace/open/src/hotspot/share/prims/jni.cpp, line 615]
Event: 1.224 Thread 0x00000250705f1800 Exception <a 'java/security/PrivilegedActionException'{0x00000007208bb4c8}> (0x00000007208bb4c8) thrown at [t:/workspace/open/src/hotspot/share/prims/jvm.cpp, line 1308]
Event: 1.225 Thread 0x00000250705f1800 Exception <a 'java/security/PrivilegedActionException'{0x00000007208bb798}> (0x00000007208bb798) thrown at [t:/workspace/open/src/hotspot/share/prims/jvm.cpp, line 1308]
Event: 1.227 Thread 0x00000250705f1800 Exception <a 'java/security/PrivilegedActionException'{0x00000007208f1910}> (0x00000007208f1910) thrown at [t:/workspace/open/src/hotspot/share/prims/jvm.cpp, line 1308]
Event: 1.227 Thread 0x00000250705f1800 Exception <a 'java/security/PrivilegedActionException'{0x00000007208f1be0}> (0x00000007208f1be0) thrown at [t:/workspace/open/src/hotspot/share/prims/jvm.cpp, line 1308]
Event: 1.448 Thread 0x00000250705f1800 Exception <a 'java/security/PrivilegedActionException'{0x0000000720437530}> (0x0000000720437530) thrown at [t:/workspace/open/src/hotspot/share/prims/jvm.cpp, line 1308]
Event: 1.448 Thread 0x00000250705f1800 Exception <a 'java/security/PrivilegedActionException'{0x0000000720437aa8}> (0x0000000720437aa8) thrown at [t:/workspace/open/src/hotspot/share/prims/jvm.cpp, line 1308]
Event: 1.798 Thread 0x00000250705f1800 Exception <a 'java/lang/NoSuchMethodError'{0x000000071fb55d78}: java.lang.invoke.DirectMethodHandle$Holder.invokeStaticInit(Ljava/lang/Object;Ljava/lang/Object;Ljava/lang/Object;)I> (0x000000071fb55d78) thrown at [t:/workspace/open/src/hotspot/share/inter

Events (10 events):
Event: 3.185 loading class examples/LayerControlTestKt$main$1$2$1
Event: 3.185 loading class examples/LayerControlTestKt$main$1$2$1 done
Event: 3.186 loading class examples/LayerControlTestKt$main$1$2$2
Event: 3.186 loading class examples/LayerControlTestKt$main$1$2$2 done
Event: 3.190 loading class examples/LayerControlTestKt$main$1$3
Event: 3.190 loading class examples/LayerControlTestKt$main$1$3 done
Event: 3.191 loading class examples/LayerControlTestKt$main$1$3$1
Event: 3.191 loading class examples/LayerControlTestKt$main$1$3$1 done
Event: 3.192 loading class examples/LayerControlTestKt$main$1$3$2
Event: 3.192 loading class examples/LayerControlTestKt$main$1$3$2 done


Dynamic libraries:
0x00007ff777140000 - 0x00007ff777185000 	C:\Program Files\Java\jdk-11\bin\java.exe
0x00007fff98c30000 - 0x00007fff98e44000 	C:\WINDOWS\SYSTEM32\ntdll.dll
0x00007fff981b0000 - 0x00007fff98273000 	C:\WINDOWS\System32\KERNEL32.DLL
0x00007fff964c0000 - 0x00007fff9685d000 	C:\WINDOWS\System32\KERNELBASE.dll
0x00007fff985d0000 - 0x00007fff9877d000 	C:\WINDOWS\System32\USER32.dll
0x00007fff96860000 - 0x00007fff96886000 	C:\WINDOWS\System32\win32u.dll
0x00007fff989c0000 - 0x00007fff989e9000 	C:\WINDOWS\System32\GDI32.dll
0x00007fff963a0000 - 0x00007fff964b2000 	C:\WINDOWS\System32\gdi32full.dll
0x00007fff96980000 - 0x00007fff96a1a000 	C:\WINDOWS\System32\msvcp_win.dll
0x00007fff96050000 - 0x00007fff96161000 	C:\WINDOWS\System32\ucrtbase.dll
0x00007fff71ef0000 - 0x00007fff7217e000 	C:\WINDOWS\WinSxS\amd64_microsoft.windows.common-controls_6595b64144ccf1df_6.0.22621.608_none_a9444ca7c10bb01d\COMCTL32.dll
0x00007fff96de0000 - 0x00007fff96e87000 	C:\WINDOWS\System32\msvcrt.dll
0x00007fff98960000 - 0x00007fff98992000 	C:\WINDOWS\System32\IMM32.DLL
0x00007fff7abb0000 - 0x00007fff7abc6000 	C:\Program Files\Java\jdk-11\bin\vcruntime140.dll
0x00007fff5c190000 - 0x00007fff5c23a000 	C:\Program Files\Java\jdk-11\bin\msvcp140.dll
0x00007fff1e720000 - 0x00007fff1f261000 	C:\Program Files\Java\jdk-11\bin\server\jvm.dll
0x00007fff974f0000 - 0x00007fff9759e000 	C:\WINDOWS\System32\ADVAPI32.dll
0x00007fff977d0000 - 0x00007fff97874000 	C:\WINDOWS\System32\sechost.dll
0x00007fff98450000 - 0x00007fff98565000 	C:\WINDOWS\System32\RPCRT4.dll
0x00007fff96f60000 - 0x00007fff96f68000 	C:\WINDOWS\System32\PSAPI.DLL
0x00007fff8f0d0000 - 0x00007fff8f0da000 	C:\WINDOWS\SYSTEM32\VERSION.dll
0x00007fff12290000 - 0x00007fff12299000 	C:\WINDOWS\SYSTEM32\WSOCK32.dll
0x00007fff8ead0000 - 0x00007fff8eb04000 	C:\WINDOWS\SYSTEM32\WINMM.dll
0x00007fff96ee0000 - 0x00007fff96f51000 	C:\WINDOWS\System32\WS2_32.dll
0x00007fff950a0000 - 0x00007fff950b8000 	C:\WINDOWS\SYSTEM32\kernel.appcore.dll
0x00007fff74190000 - 0x00007fff741a1000 	C:\Program Files\Java\jdk-11\bin\verify.dll
0x00007fff93a20000 - 0x00007fff93c4e000 	C:\WINDOWS\SYSTEM32\DBGHELP.DLL
0x00007fff96a20000 - 0x00007fff96daa000 	C:\WINDOWS\System32\combase.dll
0x00007fff989f0000 - 0x00007fff98ac7000 	C:\WINDOWS\System32\OLEAUT32.dll
0x00007fff8c6e0000 - 0x00007fff8c712000 	C:\WINDOWS\SYSTEM32\dbgcore.DLL
0x00007fff96890000 - 0x00007fff9690b000 	C:\WINDOWS\System32\bcryptPrimitives.dll
0x00007fff73a30000 - 0x00007fff73a58000 	C:\Program Files\Java\jdk-11\bin\java.dll
0x00007fff88f50000 - 0x00007fff88f7f000 	C:\Program Files\Java\jdk-11\bin\instrument.dll
0x00007fff64690000 - 0x00007fff646a6000 	C:\Program Files\Java\jdk-11\bin\zip.dll
0x00007fff83880000 - 0x00007fff8388a000 	C:\Program Files\Java\jdk-11\bin\jimage.dll
0x00007fff97880000 - 0x00007fff9806f000 	C:\WINDOWS\System32\SHELL32.dll
0x00007fff94030000 - 0x00007fff948f8000 	C:\WINDOWS\SYSTEM32\windows.storage.dll
0x00007fff93ef0000 - 0x00007fff9402e000 	C:\WINDOWS\SYSTEM32\wintypes.dll
0x00007fff973f0000 - 0x00007fff974e1000 	C:\WINDOWS\System32\SHCORE.dll
0x00007fff98900000 - 0x00007fff9895e000 	C:\WINDOWS\System32\shlwapi.dll
0x00007fff95f80000 - 0x00007fff95fa1000 	C:\WINDOWS\SYSTEM32\profapi.dll
0x00007fff63ac0000 - 0x00007fff63ad9000 	C:\Program Files\Java\jdk-11\bin\net.dll
0x00007fff8ed00000 - 0x00007fff8ee2f000 	C:\WINDOWS\SYSTEM32\WINHTTP.dll
0x00007fff95510000 - 0x00007fff95579000 	C:\WINDOWS\system32\mswsock.dll
0x00007fff5e0a0000 - 0x00007fff5e0b3000 	C:\Program Files\Java\jdk-11\bin\nio.dll
0x00007fff897f0000 - 0x00007fff8980a000 	C:\Program Files\JetBrains\IntelliJ IDEA Community Edition 2020.2\bin\breakgen64.dll
0x0000000065ac0000 - 0x0000000065aea000 	C:\Users\anhef\AppData\Local\Temp\libgdxanhef\a876e671\gdx64.dll
0x00007fff6a840000 - 0x00007fff6a8a4000 	C:\Users\anhef\AppData\Local\Temp\lwjglanhef\3.2.3-build-13\lwjgl.dll
0x00007fff50f70000 - 0x00007fff511c3000 	C:\Users\anhef\AppData\Local\Temp\lwjglanhef\3.2.3-build-13\jemalloc.dll
0x00007fff694a0000 - 0x00007fff69502000 	C:\Users\anhef\AppData\Local\Temp\lwjglanhef\3.2.3-build-13\glfw.dll
0x00007fff931b0000 - 0x00007fff9325b000 	C:\WINDOWS\system32\uxtheme.dll
0x00007fff73b50000 - 0x00007fff73b96000 	C:\WINDOWS\SYSTEM32\dinput8.dll
0x00007fff88f90000 - 0x00007fff88fa1000 	C:\WINDOWS\SYSTEM32\xinput1_4.dll
0x00007fff95c80000 - 0x00007fff95cce000 	C:\WINDOWS\SYSTEM32\cfgmgr32.dll
0x00007fff95cd0000 - 0x00007fff95d03000 	C:\WINDOWS\SYSTEM32\DEVOBJ.dll
0x00007fff93440000 - 0x00007fff9346b000 	C:\WINDOWS\SYSTEM32\dwmapi.dll
0x00007fff7b480000 - 0x00007fff7b681000 	C:\WINDOWS\SYSTEM32\inputhost.dll
0x00007fff92b70000 - 0x00007fff92ca3000 	C:\WINDOWS\SYSTEM32\CoreMessaging.dll
0x00007fff98ad0000 - 0x00007fff98bee000 	C:\WINDOWS\System32\MSCTF.dll
0x00007fff95760000 - 0x00007fff9576c000 	C:\WINDOWS\SYSTEM32\CRYPTBASE.DLL
0x00007fff94900000 - 0x00007fff9490e000 	C:\WINDOWS\SYSTEM32\HID.DLL
0x00007fff96f70000 - 0x00007fff973ea000 	C:\WINDOWS\System32\SETUPAPI.DLL
0x00007fff96910000 - 0x00007fff9697b000 	C:\WINDOWS\System32\WINTRUST.dll
0x00007fff96170000 - 0x00007fff962d6000 	C:\WINDOWS\System32\CRYPT32.dll
0x00007fff957c0000 - 0x00007fff957d2000 	C:\WINDOWS\SYSTEM32\MSASN1.dll
0x00007fff5c080000 - 0x00007fff5c18b000 	C:\Users\anhef\AppData\Local\Temp\lwjglanhef\3.2.3-build-13\OpenAL.dll
0x00007fff97630000 - 0x00007fff977cc000 	C:\WINDOWS\System32\ole32.dll
0x00007fff8c2e0000 - 0x00007fff8c37d000 	C:\WINDOWS\System32\MMDevApi.dll
0x00007fff71af0000 - 0x00007fff71cd5000 	C:\WINDOWS\SYSTEM32\AUDIOSES.DLL
0x00007fff93810000 - 0x00007fff93825000 	C:\WINDOWS\SYSTEM32\resourcepolicyclient.dll
0x00007fff95d70000 - 0x00007fff95dbd000 	C:\WINDOWS\SYSTEM32\powrprof.dll
0x00007fff95d50000 - 0x00007fff95d63000 	C:\WINDOWS\SYSTEM32\UMPDC.dll
0x00007fff53010000 - 0x00007fff53110000 	C:\WINDOWS\SYSTEM32\opengl32.dll
0x00007fff632f0000 - 0x00007fff6331d000 	C:\WINDOWS\SYSTEM32\GLU32.dll
0x00007fff932d0000 - 0x00007fff93306000 	C:\WINDOWS\SYSTEM32\dxcore.dll
0x00007fff88b80000 - 0x00007fff88bc9000 	C:\WINDOWS\SYSTEM32\directxdatabasehelper.dll
0x00007fff8f130000 - 0x00007fff8f266000 	C:\Windows\System32\AppXDeploymentClient.dll
0x00007fff83ae0000 - 0x00007fff83b09000 	C:\Windows\System32\DriverStore\FileRepository\u0357954.inf_amd64_5e90a523d0db8f0c\B357851\atig6pxx.dll
0x00007fff1ae00000 - 0x00007fff1e71e000 	C:\Windows\System32\DriverStore\FileRepository\u0357954.inf_amd64_5e90a523d0db8f0c\B357851\atio6axx.dll
0x00007fff6bbc0000 - 0x00007fff6bbe5000 	C:\WINDOWS\SYSTEM32\dxva2.dll
0x00007fff64000000 - 0x00007fff6403a000 	C:\WINDOWS\System32\DriverStore\FileRepository\u0357954.inf_amd64_5e90a523d0db8f0c\B357851\atig6txx.dll
0x00007fff531a0000 - 0x00007fff5334e000 	C:\WINDOWS\SYSTEM32\atiadlxx.dll
0x00007fff92f60000 - 0x00007fff93060000 	C:\WINDOWS\SYSTEM32\PROPSYS.dll
0x00007fff63500000 - 0x00007fff63559000 	C:\Users\anhef\AppData\Local\Temp\lwjglanhef\3.2.3-build-13\lwjgl_opengl.dll
0x00007fff7f350000 - 0x00007fff7f47d000 	C:\WINDOWS\SYSTEM32\textinputframework.dll
0x00007fff884a0000 - 0x00007fff8880c000 	C:\WINDOWS\SYSTEM32\CoreUIComponents.dll
0x00007fff6c860000 - 0x00007fff6c8c9000 	C:\WINDOWS\system32\Oleacc.dll

dbghelp: loaded successfully - version: 4.0.5 - missing functions: none
symbol engine: initialized successfully - sym options: 0x614 - pdb path: .;C:\Program Files\Java\jdk-11\bin;C:\WINDOWS\SYSTEM32;C:\WINDOWS\WinSxS\amd64_microsoft.windows.common-controls_6595b64144ccf1df_6.0.22621.608_none_a9444ca7c10bb01d;C:\Program Files\Java\jdk-11\bin\server;C:\Program Files\JetBrains\IntelliJ IDEA Community Edition 2020.2\bin;C:\Users\anhef\AppData\Local\Temp\libgdxanhef\a876e671;C:\Users\anhef\AppData\Local\Temp\lwjglanhef\3.2.3-build-13;C:\Windows\System32\DriverStore\FileRepository\u0357954.inf_amd64_5e90a523d0db8f0c\B357851

VM Arguments:
jvm_args: -Djava.library.path=C:\Users\anhef\IdeaProjects\flyko-lib\build\classes\kotlin\jvm\test;C:\Users\anhef\IdeaProjects\flyko-lib\build\processedResources\jvm\test;C:\Users\anhef\IdeaProjects\flyko-lib\build\classes\kotlin\jvm\main;C:\Users\anhef\IdeaProjects\flyko-lib\build\processedResources\jvm\main -javaagent:C:\Program Files\JetBrains\IntelliJ IDEA Community Edition 2020.2\lib\idea_rt.jar=59043:C:\Program Files\JetBrains\IntelliJ IDEA Community Edition 2020.2\bin -Dfile.encoding=UTF-8 
java_command: examples.LayerControlTestKt
java_class_path (initial): C:\Users\anhef\IdeaProjects\flyko-lib\build\classes\kotlin\jvm\test;C:\Users\anhef\IdeaProjects\flyko-lib\build\processedResources\jvm\test;C:\Users\anhef\IdeaProjects\flyko-lib\build\classes\kotlin\jvm\main;C:\Users\anhef\IdeaProjects\flyko-lib\build\processedResources\jvm\main;C:\Users\anhef\.gradle\caches\modules-2\files-2.1\org.jetbrains.kotlin\kotlin-stdlib-jdk8\1.7.20\eac6656981d9d7156e838467d2d8d79093b1570\kotlin-stdlib-jdk8-1.7.20.jar;C:\Users\anhef\.gradle\caches\modules-2\files-2.1\com.badlogicgames.gdx\gdx-backend-lwjgl3\1.9.12\54c8e924f4ccf5909616dd171467d009e54bbc00\gdx-backend-lwjgl3-1.9.12.jar;C:\Users\anhef\.gradle\caches\modules-2\files-2.1\com.badlogicgames.gdx\gdx-platform\1.9.12\6b5da746f38d84818fe376f57f6b5cf93a39f75b\gdx-platform-1.9.12-natives-desktop.jar;C:\Users\anhef\.gradle\caches\modules-2\files-2.1\com.squareup.moshi\moshi-kotlin\1.12.0\b320f489271fbad515583ae0e3b4349578ca91a7\moshi-kotlin-1.12.0.jar;C:\Users\anhef\.gradle\caches\modules-2\files-2.1\com.squareup.moshi\moshi\1.12.0\acd95d4d815f2752e6507e29e92b258c1323c38d\moshi-1.12.0.jar;C:\Users\anhef\.gradle\caches\modules-2\files-2.1\org.jetbrains.kotlin\kotlin-test-junit\1.7.20\d32c2a8433d4c8bfaa0e75e72cd9f0c365d56045\kotlin-test-junit-1.7.20.jar;C:\Users\anhef\.gradle\caches\modules-2\files-2.1\org.jetbrains.kotlin\kotlin-stdlib-jdk7\1.7.20\2a729aa8763306368e665e2b747abd1dfd29b9d5\kotlin-stdlib-jdk7-1.7.20.jar;C:\Users\anhef\.gradle\caches\modules-2\files-2.1\org.jetbrains.kotlin\kotlin-stdlib\1.7.20\726594ea9ba2beb2ee113647fefa9a10f9fabe52\kotlin-stdlib-1.7.20.jar;C:\Users\anhef\.gradle\caches\modules-2\files-2.1\com.badlogicgames.gdx\gdx\1.9.12\e2d132e76ef94b27d309ab0ea9fe06a8e2d0a80\gdx-1.9.12.jar;C:\Users\anhef\.gradle\caches\modules-2\files-2.1\org.lwjgl\lwjgl-glfw\3.2.3\5e520d5c290c8b012545a8d34fa5db5ab051ea53\lwjgl-glfw-3.2.3.jar;C:\Users\anhef\.gradle\caches\modules-2\files-2.1\org.lwjgl\lwjgl-glfw\3.2.3\62b044d9b0a057444bef2ab70b9afc288ec09dba\l
Launcher Type: SUN_STANDARD

[Global flags]
     intx CICompilerCount                          = 4                                         {product} {ergonomic}
     uint ConcGCThreads                            = 2                                         {product} {ergonomic}
     uint G1ConcRefinementThreads                  = 8                                         {product} {ergonomic}
   size_t G1HeapRegionSize                         = 1048576                                   {product} {ergonomic}
    uintx GCDrainStackTargetSize                   = 64                                        {product} {ergonomic}
   size_t InitialHeapSize                          = 251658240                                 {product} {ergonomic}
   size_t MarkStackSize                            = 4194304                                   {product} {ergonomic}
   size_t MaxHeapSize                              = 3995074560                                {product} {ergonomic}
   size_t MaxNewSize                               = 2397044736                                {product} {ergonomic}
   size_t MinHeapDeltaBytes                        = 1048576                                   {product} {ergonomic}
    uintx NonNMethodCodeHeapSize                   = 5835340                                {pd product} {ergonomic}
    uintx NonProfiledCodeHeapSize                  = 122911450                              {pd product} {ergonomic}
    uintx ProfiledCodeHeapSize                     = 122911450                              {pd product} {ergonomic}
    uintx ReservedCodeCacheSize                    = 251658240                              {pd product} {ergonomic}
     bool SegmentedCodeCache                       = true                                      {product} {ergonomic}
     bool UseCompressedClassPointers               = true                                 {lp64_product} {ergonomic}
     bool UseCompressedOops                        = true                                 {lp64_product} {ergonomic}
     bool UseG1GC                                  = true                                      {product} {ergonomic}
     bool UseLargePagesIndividualAllocation        = false                                  {pd product} {ergonomic}

Logging:
Log output configuration:
 #0: stdout all=warning uptime,level,tags
 #1: stderr all=off uptime,level,tags

Environment Variables:
JAVA_HOME=C:\Program Files\Java\graalvm-ce-java17-22.3.0
PATH=C:\WINDOWS\system32;C:\WINDOWS;C:\WINDOWS\System32\Wbem;C:\WINDOWS\System32\WindowsPowerShell\v1.0\;C:\WINDOWS\System32\OpenSSH\;C:\Program Files\Git\cmd;C:\Program Files\Java\graalvm-ce-java17-22.3.0\bin;C:\Program Files\PuTTY\;C:\Program Files\nodejs\;C:\Program Files\Docker\Docker\resources\bin;C:\ProgramData\DockerDesktop\version-bin;C:\Users\anhef\.cargo\bin;C:\Users\anhef\AppData\Local\Microsoft\WindowsApps;C:\Users\anhef\AppData\Roaming\npm;
USERNAME=anhef
OS=Windows_NT
PROCESSOR_IDENTIFIER=AMD64 Family 23 Model 24 Stepping 1, AuthenticAMD



---------------  S Y S T E M  ---------------

OS: Windows 10 , 64 bit Build 22621 (10.0.22621.1105)

CPU:total 8 (initial active 8) (8 cores per cpu, 2 threads per core) family 23 model 24 stepping 1, cmov, cx8, fxsr, mmx, sse, sse2, sse3, ssse3, sse4.1, sse4.2, popcnt, avx, avx2, aes, clmul, mmxext, 3dnowpref, lzcnt, sse4a, ht, tsc, tscinvbit, tscinv, bmi1, bmi2, adx, sha, fma

Memory: 4k page, system-wide physical 15236M (2514M free)
TotalPageFile size 31108M (AvailPageFile size 11367M)
current process WorkingSet (physical memory assigned to process): 168M, peak: 168M
current process commit charge ("private bytes"): 471M, peak: 473M

vm_info: OpenJDK 64-Bit Server VM (11+28) for windows-amd64 JRE (11+28), built on Aug 23 2018 03:04:58 by "mach5one" with MS VC++ 15.5 (VS2017)

END.
